[2025-01-27 16:07:02,622] multiqc                                            [DEBUG  ]  This is MultiQC v1.14
[2025-01-27 16:07:02,625] multiqc                                            [DEBUG  ]  Loading config settings from: multiqc_config.yml
[2025-01-27 16:07:02,626] multiqc                                            [DEBUG  ]  New config: {'report_comment': 'This report has been generated by the <a href="https://github.com/nf-core/prokrnaseq/1.0dev" target="_blank">nf-core/prokrnaseq</a> analysis pipeline. For information about how to interpret these results, please see the <a href="https://nf-co.re/prokrnaseq/1.0dev/output" target="_blank">documentation</a>.\n', 'report_section_order': {'nf-core-prokrnaseq-methods-description': {'order': -1000}, 'software_versions': {'order': -1001}, 'nf-core-prokrnaseq-summary': {'order': -1002}}, 'export_plots': True}
[2025-01-27 16:07:02,628] multiqc                                            [DEBUG  ]  Loading config settings from: multiqc_config.yml
[2025-01-27 16:07:02,628] multiqc                                            [DEBUG  ]  New config: {'report_comment': 'This report has been generated by the <a href="https://github.com/nf-core/prokrnaseq/1.0dev" target="_blank">nf-core/prokrnaseq</a> analysis pipeline. For information about how to interpret these results, please see the <a href="https://nf-co.re/prokrnaseq/1.0dev/output" target="_blank">documentation</a>.\n', 'report_section_order': {'nf-core-prokrnaseq-methods-description': {'order': -1000}, 'software_versions': {'order': -1001}, 'nf-core-prokrnaseq-summary': {'order': -1002}}, 'export_plots': True}
[2025-01-27 16:07:02,629] multiqc                                            [DEBUG  ]  Command used: /usr/local/bin/multiqc --force --config multiqc_config.yml .
[2025-01-27 16:07:03,535] multiqc                                            [WARNING]  MultiQC Version v1.27 now available!
[2025-01-27 16:07:03,535] multiqc                                            [DEBUG  ]  Working dir : /Users/jonathanwinkelman/Trestle_long-term-storage/Mukherjee_lab/dima_RNA_seq_2025/rnaseq_prokaryotes/work/c0/9a28d27b259d1d3cd3fde8b5696b41
[2025-01-27 16:07:03,535] multiqc                                            [DEBUG  ]  Template    : default
[2025-01-27 16:07:03,535] multiqc                                            [DEBUG  ]  Running Python 3.11.0 | packaged by conda-forge | (main, Oct 25 2022, 06:24:40) [GCC 10.4.0]
[2025-01-27 16:07:03,536] multiqc                                            [DEBUG  ]  Analysing modules: custom_content, ccs, ngsderive, purple, conpair, lima, peddy, somalier, methylQA, mosdepth, phantompeakqualtools, qualimap, preseq, hifiasm, quast, qorts, rna_seqc, rockhopper, rsem, rseqc, busco, bustools, goleft_indexcov, gffcompare, disambiguate, supernova, deeptools, sargasso, verifybamid, mirtrace, happy, mirtop, sambamba, gopeaks, homer, hops, macs2, theta2, snpeff, gatk, htseq, bcftools, featureCounts, fgbio, dragen, dragen_fastqc, dedup, pbmarkdup, damageprofiler, biobambam2, jcvi, mtnucratio, picard, vep, sentieon, prokka, qc3C, nanostat, samblaster, samtools, sexdeterrmine, eigenstratdatabasetools, bamtools, jellyfish, vcftools, longranger, stacks, varscan2, snippy, umitools, bbmap, bismark, biscuit, diamond, hicexplorer, hicup, hicpro, salmon, kallisto, slamdunk, star, hisat2, tophat, bowtie2, bowtie1, cellranger, snpsplit, odgi, pangolin, nextclade, humid, kat, leehom, adapterRemoval, bbduk, clipandmerge, cutadapt, flexbar, kaiju, kraken, malt, motus, trimmomatic, sickle, skewer, sortmerna, biobloomtools, fastq_screen, afterqc, fastp, fastqc, filtlong, prinseqplusplus, pychopper, porechop, pycoqc, minionqc, anglerfish, multivcfanalyzer, clusterflow, checkqc, bcl2fastq, bclconvert, interop, ivar, flash, seqyclean, optitype, whatshap
[2025-01-27 16:07:03,536] multiqc                                            [DEBUG  ]  Using temporary directory for creating report: /tmp/tmpfts8a08r
[2025-01-27 16:07:03,777] multiqc                                            [INFO   ]  Search path : /Users/jonathanwinkelman/Trestle_long-term-storage/Mukherjee_lab/dima_RNA_seq_2025/rnaseq_prokaryotes/work/c0/9a28d27b259d1d3cd3fde8b5696b41
[2025-01-27 16:07:05,636] multiqc                                            [DEBUG  ]  Summary of files that were skipped by the search: [skipped_module_specific_max_filesize: 17] // [skipped_no_match: 8]
[2025-01-27 16:07:06,308] multiqc.plots.bargraph                             [DEBUG  ]  Using matplotlib version 3.6.2
[2025-01-27 16:07:06,310] multiqc.plots.linegraph                            [DEBUG  ]  Using matplotlib version 3.6.2
[2025-01-27 16:07:06,331] multiqc.modules.custom_content.custom_content      [INFO   ]  nf-core-prokrnaseq-methods-description: Found 1 sample (html)
[2025-01-27 16:07:06,331] multiqc.modules.custom_content.custom_content      [INFO   ]  software_versions: Found 1 sample (html)
[2025-01-27 16:07:06,332] multiqc.modules.custom_content.custom_content      [INFO   ]  nf-core-prokrnaseq-summary: Found 1 sample (html)
[2025-01-27 16:07:06,342] multiqc.modules.featureCounts.feature_counts       [INFO   ]  Found 2 reports
[2025-01-27 16:07:07,822] multiqc.modules.bowtie2.bowtie2                    [INFO   ]  Found 2 reports
[2025-01-27 16:07:08,978] multiqc.modules.cutadapt.cutadapt                  [INFO   ]  Found 4 reports
[2025-01-27 16:07:11,902] multiqc.modules.fastqc.fastqc                      [INFO   ]  Found 4 reports
[2025-01-27 16:07:18,866] multiqc                                            [DEBUG  ]  Reordering sections: anchor 'nf-core-prokrnaseq-methods-description' not found for module 'featureCounts'.
[2025-01-27 16:07:18,866] multiqc                                            [DEBUG  ]  Reordering sections: anchor 'software_versions' not found for module 'featureCounts'.
[2025-01-27 16:07:18,866] multiqc                                            [DEBUG  ]  Reordering sections: anchor 'nf-core-prokrnaseq-summary' not found for module 'featureCounts'.
[2025-01-27 16:07:18,867] multiqc                                            [DEBUG  ]  Reordering sections: anchor 'nf-core-prokrnaseq-methods-description' not found for module 'Bowtie 2 / HiSAT2'.
[2025-01-27 16:07:18,867] multiqc                                            [DEBUG  ]  Reordering sections: anchor 'software_versions' not found for module 'Bowtie 2 / HiSAT2'.
[2025-01-27 16:07:18,867] multiqc                                            [DEBUG  ]  Reordering sections: anchor 'nf-core-prokrnaseq-summary' not found for module 'Bowtie 2 / HiSAT2'.
[2025-01-27 16:07:18,867] multiqc                                            [DEBUG  ]  Reordering sections: anchor 'nf-core-prokrnaseq-methods-description' not found for module 'Cutadapt'.
[2025-01-27 16:07:18,867] multiqc                                            [DEBUG  ]  Reordering sections: anchor 'software_versions' not found for module 'Cutadapt'.
[2025-01-27 16:07:18,867] multiqc                                            [DEBUG  ]  Reordering sections: anchor 'nf-core-prokrnaseq-summary' not found for module 'Cutadapt'.
[2025-01-27 16:07:18,867] multiqc                                            [DEBUG  ]  Reordering sections: anchor 'nf-core-prokrnaseq-methods-description' not found for module 'FastQC'.
[2025-01-27 16:07:18,867] multiqc                                            [DEBUG  ]  Reordering sections: anchor 'software_versions' not found for module 'FastQC'.
[2025-01-27 16:07:18,867] multiqc                                            [DEBUG  ]  Reordering sections: anchor 'nf-core-prokrnaseq-summary' not found for module 'FastQC'.
[2025-01-27 16:07:18,867] multiqc                                            [DEBUG  ]  Reordering sections: anchor 'nf-core-prokrnaseq-methods-description' not found for module 'nf-core/prokrnaseq Methods Description'.
[2025-01-27 16:07:18,867] multiqc                                            [DEBUG  ]  Reordering sections: anchor 'software_versions' not found for module 'nf-core/prokrnaseq Methods Description'.
[2025-01-27 16:07:18,867] multiqc                                            [DEBUG  ]  Reordering sections: anchor 'nf-core-prokrnaseq-summary' not found for module 'nf-core/prokrnaseq Methods Description'.
[2025-01-27 16:07:18,867] multiqc                                            [DEBUG  ]  Reordering sections: anchor 'nf-core-prokrnaseq-methods-description' not found for module 'nf-core/prokrnaseq Software Versions'.
[2025-01-27 16:07:18,867] multiqc                                            [DEBUG  ]  Reordering sections: anchor 'software_versions' not found for module 'nf-core/prokrnaseq Software Versions'.
[2025-01-27 16:07:18,867] multiqc                                            [DEBUG  ]  Reordering sections: anchor 'nf-core-prokrnaseq-summary' not found for module 'nf-core/prokrnaseq Software Versions'.
[2025-01-27 16:07:18,867] multiqc                                            [DEBUG  ]  Reordering sections: anchor 'nf-core-prokrnaseq-methods-description' not found for module 'nf-core/prokrnaseq Workflow Summary'.
[2025-01-27 16:07:18,867] multiqc                                            [DEBUG  ]  Reordering sections: anchor 'software_versions' not found for module 'nf-core/prokrnaseq Workflow Summary'.
[2025-01-27 16:07:18,867] multiqc                                            [DEBUG  ]  Reordering sections: anchor 'nf-core-prokrnaseq-summary' not found for module 'nf-core/prokrnaseq Workflow Summary'.
[2025-01-27 16:07:18,874] multiqc                                            [INFO   ]  Compressing plot data
[2025-01-27 16:07:18,940] multiqc                                            [INFO   ]  Report      : multiqc_report.html
[2025-01-27 16:07:18,940] multiqc                                            [INFO   ]  Data        : multiqc_data
[2025-01-27 16:07:18,940] multiqc                                            [DEBUG  ]  Moving data file from '/tmp/tmpfts8a08r/multiqc_data' to '/Users/jonathanwinkelman/Trestle_long-term-storage/Mukherjee_lab/dima_RNA_seq_2025/rnaseq_prokaryotes/work/c0/9a28d27b259d1d3cd3fde8b5696b41/multiqc_data'
[2025-01-27 16:07:18,981] multiqc                                            [INFO   ]  Plots       : multiqc_plots
[2025-01-27 16:07:18,981] multiqc                                            [DEBUG  ]  Moving plots directory from '/tmp/tmpfts8a08r/multiqc_plots' to '/Users/jonathanwinkelman/Trestle_long-term-storage/Mukherjee_lab/dima_RNA_seq_2025/rnaseq_prokaryotes/work/c0/9a28d27b259d1d3cd3fde8b5696b41/multiqc_plots'
[2025-01-27 16:07:19,325] multiqc                                            [INFO   ]  MultiQC complete
